<?xml version="1.0" encoding="UTF-8"?>
<!-- Generated by org.testng.reporters.JUnitReportReporter -->
<testsuite hostname="LAPTOP-HNF4V81C" failures="0" tests="1" name="test.TestApplicationLaunch" time="0.844" errors="0" timestamp="2025-05-27T10:49:43 IST" skipped="0">
  <testcase classname="test.TestApplicationLaunch" name="testLaunch" time="0.844"/>
  <system-out/>
</testsuite> <!-- test.TestApplicationLaunch -->
