<?xml version="1.0" encoding="UTF-8"?>
<!-- Generated by org.testng.reporters.JUnitReportReporter -->
<testsuite hostname="LAPTOP-HNF4V81C" failures="0" tests="1" name="test.TestSearchProduct" time="43.417" errors="0" timestamp="2025-05-27T14:02:36 IST" skipped="0">
  <testcase classname="test.TestSearchProduct" name="testSearchBar" time="43.417"/>
  <system-out/>
</testsuite> <!-- test.TestSearchProduct -->
