<?xml version="1.0" encoding="UTF-8"?>
<!-- Generated by org.testng.reporters.JUnitReportReporter -->
<testsuite hostname="LAPTOP-HNF4V81C" failures="0" tests="1" name="test.TestPurchaseProducts" time="76.597" errors="0" timestamp="2025-05-28T09:09:39 IST" skipped="0">
  <testcase classname="test.TestPurchaseProducts" name="purchaseWomenProduct" time="76.597"/>
  <system-out/>
</testsuite> <!-- test.TestPurchaseProducts -->
