<?xml version="1.0" encoding="UTF-8"?>
<!-- Generated by org.testng.reporters.JUnitReportReporter -->
<testsuite hostname="LAPTOP-HNF4V81C" failures="0" tests="1" name="test.RegisterUser" time="73.335" errors="0" timestamp="2025-05-27T13:57:51 IST" skipped="0">
  <testcase classname="test.RegisterUser" name="testSignup" time="73.335"/>
  <system-out/>
</testsuite> <!-- test.RegisterUser -->
